<?xml version="1.0" encoding="UTF-8"?>
<!-- Generated by org.testng.reporters.JUnitReportReporter -->
<testsuite skipped="0" hostname="WINDOWS-9PLK0EF" name="PageObject.TestDemo" tests="1" failures="0" timestamp="15 Oct 2020 05:12:33 GMT" time="20.763" errors="0">
  <testcase name="setup" time="20.763" classname="PageObject.TestDemo"/>
</testsuite> <!-- PageObject.TestDemo -->
