<?xml version="1.0" encoding="UTF-8"?>
<!-- Generated by org.testng.reporters.JUnitReportReporter -->
<testsuite skipped="0" hostname="WINDOWS-9PLK0EF" name="TestCases.TC_Login_001" tests="1" failures="0" timestamp="19 Oct 2020 08:49:21 GMT" time="5.064" errors="0">
  <testcase name="logintest" time="5.064" classname="TestCases.TC_Login_001"/>
</testsuite> <!-- TestCases.TC_Login_001 -->
