<?xml version="1.0" encoding="UTF-8"?>
<!-- Generated by org.testng.reporters.JUnitReportReporter -->
<testsuite skipped="0" hostname="WINDOWS-9PLK0EF" name="DataProvider.DataproviderTest" tests="2" failures="0" timestamp="17 Oct 2020 11:37:02 GMT" time="0.031" errors="0">
  <testcase name="logintest" time="0.015" classname="DataProvider.DataproviderTest"/>
  <testcase name="logintest" time="0.016" classname="DataProvider.DataproviderTest"/>
</testsuite> <!-- DataProvider.DataproviderTest -->
